<?xml version="1.0" encoding="UTF-8"?>
<!-- Generated by org.testng.reporters.JUnitReportReporter -->
<testsuite hostname="HomeLappy" name="compliance_Homepage.userLoginvalidation" tests="1" failures="0" timestamp="19 Nov 2017 22:59:25 GMT" time="17.002" errors="0">
  <testcase name="user_Loginvalidation" time="17.002" classname="compliance_Homepage.userLoginvalidation"/>
</testsuite> <!-- compliance_Homepage.userLoginvalidation -->
